11/12/2021 20:33:25: None not a valid player name.
11/12/2021 20:33:52: File yoshi is malformed.
11/12/2021 20:34:38: None not a valid player name.
11/12/2021 20:39:04: None not a valid player name.
11/12/2021 20:53:08: None not a valid player name.
11/12/2021 20:55:06: File not_a_puz does not exist.
11/12/2021 20:55:18: File yoshi is malformed.
11/12/2021 21:03:38: None not a valid player name.
11/12/2021 21:05:04: File malformed_mario is malformed.
11/12/2021 21:05:14: File not_a_puz does not exist.
11/12/2021 21:09:52: File not_a_file does not exist.
11/12/2021 21:10:03: File malformed_mario is malformed.
11/12/2021 21:33:24: None not a valid player name.
11/12/2021 21:34:36: File not_a_puz does not exist.
11/12/2021 21:34:47: File malformed_mario is malformed.
11/12/2021 21:39:21:  not a valid player name.
11/12/2021 21:40:15: File not_a_puz does not exist.
11/12/2021 21:40:27: File malformed_mario is malformed.
11/12/2021 21:41:39: None not a valid difficulty level.
21/12/2021 19:44:18: None not a valid player name.
23/04/2022 21:57:32: None not a valid player name.
23/04/2022 21:57:35: None not a valid player name.
